<?xml version="1.0" encoding="UTF-8"?>
<!-- Generated by org.testng.reporters.JUnitReportReporter -->
<testsuite hostname="Hirals-MacBook-Air.local" failures="0" tests="3" name="com.ebay.qa.testcases.HomePageTest" time="30.052" errors="0" timestamp="14 Jun. 2022 17:20:37 GMT" skipped="0">
  <testcase classname="com.ebay.qa.testcases.HomePageTest" name="verifyHomePageTitleTest" time="6.442"/>
  <testcase classname="com.ebay.qa.testcases.HomePageTest" name="headerLinkTest" time="12.763"/>
  <testcase classname="com.ebay.qa.testcases.HomePageTest" name="miniCartTest" time="10.847"/>
</testsuite> <!-- com.ebay.qa.testcases.HomePageTest -->
