<?xml version="1.0" encoding="UTF-8"?>
<!-- Generated by org.testng.reporters.JUnitReportReporter -->
<testsuite hostname="Hirals-MacBook-Air.local" failures="0" tests="3" name="com.ebay.qa.testcases.SearchPageTest" time="55.190" errors="0" timestamp="14 Jun. 2022 17:20:37 GMT" skipped="0">
  <testcase classname="com.ebay.qa.testcases.SearchPageTest" name="verfiySearchPageTitleTest" time="22.140"/>
  <testcase classname="com.ebay.qa.testcases.SearchPageTest" name="categoriesTest" time="14.995"/>
  <testcase classname="com.ebay.qa.testcases.SearchPageTest" name="iphoneSearchTest" time="18.055"/>
</testsuite> <!-- com.ebay.qa.testcases.SearchPageTest -->
